2019/06/26 11:01:06 [error] [exception.Error] Error: Call to undefined function CActiveDataProvider() in /home/alets/YiiProjects/Yii_1/mediatecaWeb/protected/controllers/SiteController.php:112
Stack trace:
#0 [internal function]: SiteController->actionBuscar('XXX YYY ZZZ 1.1', 'fecha de ingres...', 'M\xC3\xA9xico : UNAM....', '48 p. : il.')
#1 /home/alets/YiiProjects/Yii_1/framework/web/actions/CAction.php(109): ReflectionMethod->invokeArgs(Object(SiteController), Array)
#2 /home/alets/YiiProjects/Yii_1/framework/web/actions/CInlineAction.php(47): CAction->runWithParamsInternal(Object(SiteController), Object(ReflectionMethod), Array)
#3 /home/alets/YiiProjects/Yii_1/framework/web/CController.php(308): CInlineAction->runWithParams(Array)
#4 /home/alets/YiiProjects/Yii_1/framework/web/CController.php(286): CController->runAction(Object(CInlineAction))
#5 /home/alets/YiiProjects/Yii_1/framework/web/CController.php(265): CController->runActionWithFilters(Object(CInlineAction), Array)
#6 /home/alets/YiiProjects/Yii_1/framework/web/CWebApplication.php(282): CController->run('buscar')
#7 /home/alets/YiiProjects/Yii_1/framework/web/CWebApplication.php(141): CWebApplication->runController('site/buscar')
#8 /home/alets/YiiProjects/Yii_1/framework/base/CApplication.php(185): CWebApplication->processRequest()
#9 /home/alets/YiiProjects/Yii_1/mediatecaWeb/index.php(13): CApplication->run()
#10 {main}
REQUEST_URI=/index.php/site/buscar?clasificacion=XXX+YYY+ZZZ+1.1&fecha_ingreso=fecha+de+ingreso&pie_imprenta=M%C3%A9xico+%3A+UNAM.+CELE%2C+1983.&descripcion_fisica=48+p.+%3A+il.
HTTP_REFERER=http://localhost:8000/
---
2019/06/26 11:08:41 [error] [php] urlencode() expects parameter 1 to be string, object given (/home/alets/YiiProjects/Yii_1/framework/web/CUrlManager.php:440)
Stack trace:
#0 /home/alets/YiiProjects/Yii_1/framework/web/CUrlManager.php(302): CUrlRule->createUrl()
#1 /home/alets/YiiProjects/Yii_1/framework/base/CApplication.php(561): CUrlManager->createUrl()
#2 /home/alets/YiiProjects/Yii_1/framework/web/CController.php(967): CWebApplication->createUrl()
#3 /home/alets/YiiProjects/Yii_1/framework/web/CController.php(1028): SiteController->createUrl()
#4 /home/alets/YiiProjects/Yii_1/mediatecaWeb/protected/controllers/SiteController.php(95): SiteController->redirect()
#5 /home/alets/YiiProjects/Yii_1/framework/web/actions/CInlineAction.php(49): SiteController->actionIndex()
#6 /home/alets/YiiProjects/Yii_1/framework/web/CController.php(308): CInlineAction->runWithParams()
#7 /home/alets/YiiProjects/Yii_1/framework/web/CController.php(286): SiteController->runAction()
#8 /home/alets/YiiProjects/Yii_1/framework/web/CController.php(265): SiteController->runActionWithFilters()
#9 /home/alets/YiiProjects/Yii_1/framework/web/CWebApplication.php(282): SiteController->run()
#10 /home/alets/YiiProjects/Yii_1/framework/web/CWebApplication.php(141): CWebApplication->runController()
#11 /home/alets/YiiProjects/Yii_1/framework/base/CApplication.php(185): CWebApplication->processRequest()
#12 /home/alets/YiiProjects/Yii_1/mediatecaWeb/index.php(13): CWebApplication->run()
REQUEST_URI=/
in /home/alets/YiiProjects/Yii_1/mediatecaWeb/protected/controllers/SiteController.php (95)
in /home/alets/YiiProjects/Yii_1/mediatecaWeb/index.php (13)
2019/06/26 11:11:11 [error] [exception.ParseError] ParseError: syntax error, unexpected '}' in /home/alets/YiiProjects/Yii_1/mediatecaWeb/protected/controllers/SiteController.php:107
Stack trace:
#0 /home/alets/YiiProjects/Yii_1/framework/web/CWebApplication.php(276): CWebApplication->createController('')
#1 /home/alets/YiiProjects/Yii_1/framework/web/CWebApplication.php(141): CWebApplication->runController('')
#2 /home/alets/YiiProjects/Yii_1/framework/base/CApplication.php(185): CWebApplication->processRequest()
#3 /home/alets/YiiProjects/Yii_1/mediatecaWeb/index.php(13): CApplication->run()
#4 {main}
REQUEST_URI=/
---
2019/06/26 11:11:14 [error] [exception.ParseError] ParseError: syntax error, unexpected '}' in /home/alets/YiiProjects/Yii_1/mediatecaWeb/protected/controllers/SiteController.php:107
Stack trace:
#0 /home/alets/YiiProjects/Yii_1/framework/web/CWebApplication.php(276): CWebApplication->createController('')
#1 /home/alets/YiiProjects/Yii_1/framework/web/CWebApplication.php(141): CWebApplication->runController('')
#2 /home/alets/YiiProjects/Yii_1/framework/base/CApplication.php(185): CWebApplication->processRequest()
#3 /home/alets/YiiProjects/Yii_1/mediatecaWeb/index.php(13): CApplication->run()
#4 {main}
REQUEST_URI=/
---
2019/06/26 11:11:37 [error] [php] urlencode() expects parameter 1 to be string, object given (/home/alets/YiiProjects/Yii_1/framework/web/CUrlManager.php:440)
Stack trace:
#0 /home/alets/YiiProjects/Yii_1/framework/web/CUrlManager.php(302): CUrlRule->createUrl()
#1 /home/alets/YiiProjects/Yii_1/framework/base/CApplication.php(561): CUrlManager->createUrl()
#2 /home/alets/YiiProjects/Yii_1/framework/web/CController.php(967): CWebApplication->createUrl()
#3 /home/alets/YiiProjects/Yii_1/framework/web/CController.php(1028): SiteController->createUrl()
#4 /home/alets/YiiProjects/Yii_1/mediatecaWeb/protected/controllers/SiteController.php(95): SiteController->redirect()
#5 /home/alets/YiiProjects/Yii_1/framework/web/actions/CInlineAction.php(49): SiteController->actionIndex()
#6 /home/alets/YiiProjects/Yii_1/framework/web/CController.php(308): CInlineAction->runWithParams()
#7 /home/alets/YiiProjects/Yii_1/framework/web/CController.php(286): SiteController->runAction()
#8 /home/alets/YiiProjects/Yii_1/framework/web/CController.php(265): SiteController->runActionWithFilters()
#9 /home/alets/YiiProjects/Yii_1/framework/web/CWebApplication.php(282): SiteController->run()
#10 /home/alets/YiiProjects/Yii_1/framework/web/CWebApplication.php(141): CWebApplication->runController()
#11 /home/alets/YiiProjects/Yii_1/framework/base/CApplication.php(185): CWebApplication->processRequest()
#12 /home/alets/YiiProjects/Yii_1/mediatecaWeb/index.php(13): CWebApplication->run()
REQUEST_URI=/
in /home/alets/YiiProjects/Yii_1/mediatecaWeb/protected/controllers/SiteController.php (95)
in /home/alets/YiiProjects/Yii_1/mediatecaWeb/index.php (13)
2019/06/26 13:13:31 [error] [php] Undefined variable: clasificiacion (/home/alets/YiiProjects/Yii_1/mediatecaWeb/protected/controllers/SiteController.php:130)
Stack trace:
#0 /home/alets/YiiProjects/Yii_1/framework/web/actions/CInlineAction.php(47): CInlineAction->runWithParamsInternal()
#1 /home/alets/YiiProjects/Yii_1/framework/web/CController.php(308): CInlineAction->runWithParams()
#2 /home/alets/YiiProjects/Yii_1/framework/web/CController.php(286): SiteController->runAction()
#3 /home/alets/YiiProjects/Yii_1/framework/web/CController.php(265): SiteController->runActionWithFilters()
#4 /home/alets/YiiProjects/Yii_1/framework/web/CWebApplication.php(282): SiteController->run()
#5 /home/alets/YiiProjects/Yii_1/framework/web/CWebApplication.php(141): CWebApplication->runController()
#6 /home/alets/YiiProjects/Yii_1/framework/base/CApplication.php(185): CWebApplication->processRequest()
#7 /home/alets/YiiProjects/Yii_1/mediatecaWeb/index.php(13): CWebApplication->run()
REQUEST_URI=/index.php/site/buscar?clasificacion=XXX+YYY+ZZZ+1.1&fecha_ingreso=fecha+de+ingreso&pie_imprenta=M%C3%A9xico+%3A+UNAM.+CELE%2C+1983.&descripcion_fisica=48+p.+%3A+il.
in /home/alets/YiiProjects/Yii_1/mediatecaWeb/protected/controllers/SiteController.php (130)
in /home/alets/YiiProjects/Yii_1/mediatecaWeb/index.php (13)
2019/06/26 13:14:16 [error] [system.db.CDbCommand] CDbCommand::fetchAll() failed: SQLSTATE[22007]: Invalid datetime format: 7 ERROR:  invalid input syntax for type timestamp: "fecha de ingreso". The SQL statement executed was: SELECT * FROM "inventario" "t" WHERE (((clasificacion=:ycp0) AND (fecha_ingreso=:ycp1)) AND (pie_imprenta=:ycp2)) AND (descripcion_fisica=:ycp3).
in /home/alets/YiiProjects/Yii_1/mediatecaWeb/protected/controllers/SiteController.php (134)
in /home/alets/YiiProjects/Yii_1/mediatecaWeb/index.php (13)
2019/06/26 13:14:16 [error] [exception.CDbException] CDbException: CDbCommand failed to execute the SQL statement: SQLSTATE[22007]: Invalid datetime format: 7 ERROR:  invalid input syntax for type timestamp: "fecha de ingreso". The SQL statement executed was: SELECT * FROM "inventario" "t" WHERE (((clasificacion=:ycp0) AND (fecha_ingreso=:ycp1)) AND (pie_imprenta=:ycp2)) AND (descripcion_fisica=:ycp3) in /home/alets/YiiProjects/Yii_1/framework/db/CDbCommand.php:543
Stack trace:
#0 /home/alets/YiiProjects/Yii_1/framework/db/CDbCommand.php(396): CDbCommand->queryInternal('fetchAll', Array, Array)
#1 /home/alets/YiiProjects/Yii_1/framework/db/ar/CActiveRecord.php(1356): CDbCommand->queryAll()
#2 /home/alets/YiiProjects/Yii_1/framework/db/ar/CActiveRecord.php(1475): CActiveRecord->query(Object(CDbCriteria), true)
#3 /home/alets/YiiProjects/Yii_1/mediatecaWeb/protected/controllers/SiteController.php(134): CActiveRecord->findAll(Object(CDbCriteria))
#4 [internal function]: SiteController->actionBuscar('XXX YYY ZZZ 1.1', 'fecha de ingres...', 'M\xC3\xA9xico : UNAM....', '48 p. : il.')
#5 /home/alets/YiiProjects/Yii_1/framework/web/actions/CAction.php(109): ReflectionMethod->invokeArgs(Object(SiteController), Array)
#6 /home/alets/YiiProjects/Yii_1/framework/web/actions/CInlineAction.php(47): CAction->runWithParamsInternal(Object(SiteController), Object(ReflectionMethod), Array)
#7 /home/alets/YiiProjects/Yii_1/framework/web/CController.php(308): CInlineAction->runWithParams(Array)
#8 /home/alets/YiiProjects/Yii_1/framework/web/CController.php(286): CController->runAction(Object(CInlineAction))
#9 /home/alets/YiiProjects/Yii_1/framework/web/CController.php(265): CController->runActionWithFilters(Object(CInlineAction), Array)
#10 /home/alets/YiiProjects/Yii_1/framework/web/CWebApplication.php(282): CController->run('buscar')
#11 /home/alets/YiiProjects/Yii_1/framework/web/CWebApplication.php(141): CWebApplication->runController('site/buscar')
#12 /home/alets/YiiProjects/Yii_1/framework/base/CApplication.php(185): CWebApplication->processRequest()
#13 /home/alets/YiiProjects/Yii_1/mediatecaWeb/index.php(13): CApplication->run()
#14 {main}
REQUEST_URI=/index.php/site/buscar?clasificacion=XXX+YYY+ZZZ+1.1&fecha_ingreso=fecha+de+ingreso&pie_imprenta=M%C3%A9xico+%3A+UNAM.+CELE%2C+1983.&descripcion_fisica=48+p.+%3A+il.
HTTP_REFERER=http://localhost:8000/
---
2019/06/26 13:15:41 [error] [system.db.CDbCommand] CDbCommand::fetchAll() failed: SQLSTATE[22007]: Invalid datetime format: 7 ERROR:  invalid input syntax for type timestamp: "fecha deJan 05 1998 00:00:00 ingreso". The SQL statement executed was: SELECT * FROM "inventario" "t" WHERE (((clasificacion=:ycp0) AND (fecha_ingreso=:ycp1)) AND (pie_imprenta=:ycp2)) AND (descripcion_fisica=:ycp3).
in /home/alets/YiiProjects/Yii_1/mediatecaWeb/protected/controllers/SiteController.php (134)
in /home/alets/YiiProjects/Yii_1/mediatecaWeb/index.php (13)
2019/06/26 13:15:41 [error] [exception.CDbException] CDbException: CDbCommand failed to execute the SQL statement: SQLSTATE[22007]: Invalid datetime format: 7 ERROR:  invalid input syntax for type timestamp: "fecha deJan 05 1998 00:00:00 ingreso". The SQL statement executed was: SELECT * FROM "inventario" "t" WHERE (((clasificacion=:ycp0) AND (fecha_ingreso=:ycp1)) AND (pie_imprenta=:ycp2)) AND (descripcion_fisica=:ycp3) in /home/alets/YiiProjects/Yii_1/framework/db/CDbCommand.php:543
Stack trace:
#0 /home/alets/YiiProjects/Yii_1/framework/db/CDbCommand.php(396): CDbCommand->queryInternal('fetchAll', Array, Array)
#1 /home/alets/YiiProjects/Yii_1/framework/db/ar/CActiveRecord.php(1356): CDbCommand->queryAll()
#2 /home/alets/YiiProjects/Yii_1/framework/db/ar/CActiveRecord.php(1475): CActiveRecord->query(Object(CDbCriteria), true)
#3 /home/alets/YiiProjects/Yii_1/mediatecaWeb/protected/controllers/SiteController.php(134): CActiveRecord->findAll(Object(CDbCriteria))
#4 [internal function]: SiteController->actionBuscar('FCG2 E873 Ej. 2', 'fecha deJan 05 ...', 'Paris : Hachett...', '223 p. : il.')
#5 /home/alets/YiiProjects/Yii_1/framework/web/actions/CAction.php(109): ReflectionMethod->invokeArgs(Object(SiteController), Array)
#6 /home/alets/YiiProjects/Yii_1/framework/web/actions/CInlineAction.php(47): CAction->runWithParamsInternal(Object(SiteController), Object(ReflectionMethod), Array)
#7 /home/alets/YiiProjects/Yii_1/framework/web/CController.php(308): CInlineAction->runWithParams(Array)
#8 /home/alets/YiiProjects/Yii_1/framework/web/CController.php(286): CController->runAction(Object(CInlineAction))
#9 /home/alets/YiiProjects/Yii_1/framework/web/CController.php(265): CController->runActionWithFilters(Object(CInlineAction), Array)
#10 /home/alets/YiiProjects/Yii_1/framework/web/CWebApplication.php(282): CController->run('buscar')
#11 /home/alets/YiiProjects/Yii_1/framework/web/CWebApplication.php(141): CWebApplication->runController('site/buscar')
#12 /home/alets/YiiProjects/Yii_1/framework/base/CApplication.php(185): CWebApplication->processRequest()
#13 /home/alets/YiiProjects/Yii_1/mediatecaWeb/index.php(13): CApplication->run()
#14 {main}
REQUEST_URI=/index.php/site/buscar?clasificacion=FCG2+E873+Ej.+2&fecha_ingreso=fecha+deJan+05+1998+00%3A00%3A00+ingreso&pie_imprenta=Paris+%3A+Hachette%2C+1991.&descripcion_fisica=223+p.+%3A+il.
HTTP_REFERER=http://localhost:8000/
---
2019/06/26 13:20:55 [error] [exception.ParseError] ParseError: syntax error, unexpected ''columns'' (T_CONSTANT_ENCAPSED_STRING), expecting ')' in /home/alets/YiiProjects/Yii_1/mediatecaWeb/protected/views/site/inventario/buscar.php:22
Stack trace:
#0 /home/alets/YiiProjects/Yii_1/framework/web/CBaseController.php(95): CBaseController->renderInternal('/home/alets/Yii...', Array, true)
#1 /home/alets/YiiProjects/Yii_1/framework/web/CController.php(869): CBaseController->renderFile('/home/alets/Yii...', Array, true)
#2 /home/alets/YiiProjects/Yii_1/framework/web/CController.php(782): CController->renderPartial('inventario/busc...', Array, true)
#3 /home/alets/YiiProjects/Yii_1/mediatecaWeb/protected/controllers/SiteController.php(144): CController->render('inventario/busc...', Array)
#4 [internal function]: SiteController->actionBuscar('FCG2 E873 Ej. 2', 'Jan 05 1998 00:...', 'Paris : Hachett...', '223 p. : il.')
#5 /home/alets/YiiProjects/Yii_1/framework/web/actions/CAction.php(109): ReflectionMethod->invokeArgs(Object(SiteController), Array)
#6 /home/alets/YiiProjects/Yii_1/framework/web/actions/CInlineAction.php(47): CAction->runWithParamsInternal(Object(SiteController), Object(ReflectionMethod), Array)
#7 /home/alets/YiiProjects/Yii_1/framework/web/CController.php(308): CInlineAction->runWithParams(Array)
#8 /home/alets/YiiProjects/Yii_1/framework/web/CController.php(286): CController->runAction(Object(CInlineAction))
#9 /home/alets/YiiProjects/Yii_1/framework/web/CController.php(265): CController->runActionWithFilters(Object(CInlineAction), Array)
#10 /home/alets/YiiProjects/Yii_1/framework/web/CWebApplication.php(282): CController->run('buscar')
#11 /home/alets/YiiProjects/Yii_1/framework/web/CWebApplication.php(141): CWebApplication->runController('site/buscar')
#12 /home/alets/YiiProjects/Yii_1/framework/base/CApplication.php(185): CWebApplication->processRequest()
#13 /home/alets/YiiProjects/Yii_1/mediatecaWeb/index.php(13): CApplication->run()
#14 {main}
REQUEST_URI=/index.php/site/buscar?clasificacion=FCG2+E873+Ej.+2&fecha_ingreso=Jan+05+1998+00%3A00%3A00&pie_imprenta=Paris+%3A+Hachette%2C+1991.&descripcion_fisica=223+p.+%3A+il.
HTTP_REFERER=http://localhost:8000/
---
2019/06/26 13:21:04 [error] [php] Undefined variable: model (/home/alets/YiiProjects/Yii_1/mediatecaWeb/protected/views/site/inventario/buscar.php:14)
Stack trace:
#0 /home/alets/YiiProjects/Yii_1/framework/web/CController.php(869): SiteController->renderFile()
#1 /home/alets/YiiProjects/Yii_1/framework/web/CController.php(782): SiteController->renderPartial()
#2 /home/alets/YiiProjects/Yii_1/mediatecaWeb/protected/controllers/SiteController.php(144): SiteController->render()
#3 unknown(0): SiteController->actionBuscar()
#4 /home/alets/YiiProjects/Yii_1/framework/web/actions/CAction.php(109): ReflectionMethod->invokeArgs()
#5 /home/alets/YiiProjects/Yii_1/framework/web/actions/CInlineAction.php(47): CInlineAction->runWithParamsInternal()
#6 /home/alets/YiiProjects/Yii_1/framework/web/CController.php(308): CInlineAction->runWithParams()
#7 /home/alets/YiiProjects/Yii_1/framework/web/CController.php(286): SiteController->runAction()
#8 /home/alets/YiiProjects/Yii_1/framework/web/CController.php(265): SiteController->runActionWithFilters()
#9 /home/alets/YiiProjects/Yii_1/framework/web/CWebApplication.php(282): SiteController->run()
#10 /home/alets/YiiProjects/Yii_1/framework/web/CWebApplication.php(141): CWebApplication->runController()
#11 /home/alets/YiiProjects/Yii_1/framework/base/CApplication.php(185): CWebApplication->processRequest()
#12 /home/alets/YiiProjects/Yii_1/mediatecaWeb/index.php(13): CWebApplication->run()
REQUEST_URI=/index.php/site/buscar?clasificacion=FCG2+E873+Ej.+2&fecha_ingreso=Jan+05+1998+00%3A00%3A00&pie_imprenta=Paris+%3A+Hachette%2C+1991.&descripcion_fisica=223+p.+%3A+il.
in /home/alets/YiiProjects/Yii_1/mediatecaWeb/protected/views/site/inventario/buscar.php (14)
in /home/alets/YiiProjects/Yii_1/mediatecaWeb/protected/controllers/SiteController.php (144)
in /home/alets/YiiProjects/Yii_1/mediatecaWeb/index.php (13)
2019/06/26 13:21:12 [error] [exception.Error] Error: Call to a member function getData() on array in /home/alets/YiiProjects/Yii_1/framework/zii/widgets/CBaseListView.php:125
Stack trace:
#0 /home/alets/YiiProjects/Yii_1/framework/zii/widgets/grid/CGridView.php(339): CBaseListView->init()
#1 /home/alets/YiiProjects/Yii_1/framework/web/CBaseController.php(147): CGridView->init()
#2 /home/alets/YiiProjects/Yii_1/framework/web/CBaseController.php(180): CBaseController->createWidget('zii.widgets.gri...', Array)
#3 /home/alets/YiiProjects/Yii_1/mediatecaWeb/protected/views/site/inventario/buscar.php(20): CBaseController->widget('zii.widgets.gri...', Array)
#4 /home/alets/YiiProjects/Yii_1/framework/web/CBaseController.php(126): require('/home/alets/Yii...')
#5 /home/alets/YiiProjects/Yii_1/framework/web/CBaseController.php(95): CBaseController->renderInternal('/home/alets/Yii...', Array, true)
#6 /home/alets/YiiProjects/Yii_1/framework/web/CController.php(869): CBaseController->renderFile('/home/alets/Yii...', Array, true)
#7 /home/alets/YiiProjects/Yii_1/framework/web/CController.php(782): CController->renderPartial('inventario/busc...', Array, true)
#8 /home/alets/YiiProjects/Yii_1/mediatecaWeb/protected/controllers/SiteController.php(144): CController->render('inventario/busc...', Array)
#9 [internal function]: SiteController->actionBuscar('FCG2 E873 Ej. 2', 'Jan 05 1998 00:...', 'Paris : Hachett...', '223 p. : il.')
#10 /home/alets/YiiProjects/Yii_1/framework/web/actions/CAction.php(109): ReflectionMethod->invokeArgs(Object(SiteController), Array)
#11 /home/alets/YiiProjects/Yii_1/framework/web/actions/CInlineAction.php(47): CAction->runWithParamsInternal(Object(SiteController), Object(ReflectionMethod), Array)
#12 /home/alets/YiiProjects/Yii_1/framework/web/CController.php(308): CInlineAction->runWithParams(Array)
#13 /home/alets/YiiProjects/Yii_1/framework/web/CController.php(286): CController->runAction(Object(CInlineAction))
#14 /home/alets/YiiProjects/Yii_1/framework/web/CController.php(265): CController->runActionWithFilters(Object(CInlineAction), Array)
#15 /home/alets/YiiProjects/Yii_1/framework/web/CWebApplication.php(282): CController->run('buscar')
#16 /home/alets/YiiProjects/Yii_1/framework/web/CWebApplication.php(141): CWebApplication->runController('site/buscar')
#17 /home/alets/YiiProjects/Yii_1/framework/base/CApplication.php(185): CWebApplication->processRequest()
#18 /home/alets/YiiProjects/Yii_1/mediatecaWeb/index.php(13): CApplication->run()
#19 {main}
REQUEST_URI=/index.php/site/buscar?clasificacion=FCG2+E873+Ej.+2&fecha_ingreso=Jan+05+1998+00%3A00%3A00&pie_imprenta=Paris+%3A+Hachette%2C+1991.&descripcion_fisica=223+p.+%3A+il.
HTTP_REFERER=http://localhost:8000/
---
2019/06/26 13:22:13 [error] [exception.Error] Error: Call to a member function getData() on array in /home/alets/YiiProjects/Yii_1/framework/zii/widgets/CBaseListView.php:125
Stack trace:
#0 /home/alets/YiiProjects/Yii_1/framework/zii/widgets/grid/CGridView.php(339): CBaseListView->init()
#1 /home/alets/YiiProjects/Yii_1/framework/web/CBaseController.php(147): CGridView->init()
#2 /home/alets/YiiProjects/Yii_1/framework/web/CBaseController.php(180): CBaseController->createWidget('zii.widgets.gri...', Array)
#3 /home/alets/YiiProjects/Yii_1/mediatecaWeb/protected/views/site/inventario/buscar.php(20): CBaseController->widget('zii.widgets.gri...', Array)
#4 /home/alets/YiiProjects/Yii_1/framework/web/CBaseController.php(126): require('/home/alets/Yii...')
#5 /home/alets/YiiProjects/Yii_1/framework/web/CBaseController.php(95): CBaseController->renderInternal('/home/alets/Yii...', Array, true)
#6 /home/alets/YiiProjects/Yii_1/framework/web/CController.php(869): CBaseController->renderFile('/home/alets/Yii...', Array, true)
#7 /home/alets/YiiProjects/Yii_1/framework/web/CController.php(782): CController->renderPartial('inventario/busc...', Array, true)
#8 /home/alets/YiiProjects/Yii_1/mediatecaWeb/protected/controllers/SiteController.php(144): CController->render('inventario/busc...', Array)
#9 [internal function]: SiteController->actionBuscar('FCG2 E873 Ej. 2', 'Jan 05 1998 00:...', 'Paris : Hachett...', '223 p. : il.')
#10 /home/alets/YiiProjects/Yii_1/framework/web/actions/CAction.php(109): ReflectionMethod->invokeArgs(Object(SiteController), Array)
#11 /home/alets/YiiProjects/Yii_1/framework/web/actions/CInlineAction.php(47): CAction->runWithParamsInternal(Object(SiteController), Object(ReflectionMethod), Array)
#12 /home/alets/YiiProjects/Yii_1/framework/web/CController.php(308): CInlineAction->runWithParams(Array)
#13 /home/alets/YiiProjects/Yii_1/framework/web/CController.php(286): CController->runAction(Object(CInlineAction))
#14 /home/alets/YiiProjects/Yii_1/framework/web/CController.php(265): CController->runActionWithFilters(Object(CInlineAction), Array)
#15 /home/alets/YiiProjects/Yii_1/framework/web/CWebApplication.php(282): CController->run('buscar')
#16 /home/alets/YiiProjects/Yii_1/framework/web/CWebApplication.php(141): CWebApplication->runController('site/buscar')
#17 /home/alets/YiiProjects/Yii_1/framework/base/CApplication.php(185): CWebApplication->processRequest()
#18 /home/alets/YiiProjects/Yii_1/mediatecaWeb/index.php(13): CApplication->run()
#19 {main}
REQUEST_URI=/index.php/site/buscar?clasificacion=FCG2+E873+Ej.+2&fecha_ingreso=Jan+05+1998+00%3A00%3A00&pie_imprenta=Paris+%3A+Hachette%2C+1991.&descripcion_fisica=223+p.+%3A+il.
HTTP_REFERER=http://localhost:8000/
---
2019/06/26 13:22:14 [error] [exception.Error] Error: Call to a member function getData() on array in /home/alets/YiiProjects/Yii_1/framework/zii/widgets/CBaseListView.php:125
Stack trace:
#0 /home/alets/YiiProjects/Yii_1/framework/zii/widgets/grid/CGridView.php(339): CBaseListView->init()
#1 /home/alets/YiiProjects/Yii_1/framework/web/CBaseController.php(147): CGridView->init()
#2 /home/alets/YiiProjects/Yii_1/framework/web/CBaseController.php(180): CBaseController->createWidget('zii.widgets.gri...', Array)
#3 /home/alets/YiiProjects/Yii_1/mediatecaWeb/protected/views/site/inventario/buscar.php(20): CBaseController->widget('zii.widgets.gri...', Array)
#4 /home/alets/YiiProjects/Yii_1/framework/web/CBaseController.php(126): require('/home/alets/Yii...')
#5 /home/alets/YiiProjects/Yii_1/framework/web/CBaseController.php(95): CBaseController->renderInternal('/home/alets/Yii...', Array, true)
#6 /home/alets/YiiProjects/Yii_1/framework/web/CController.php(869): CBaseController->renderFile('/home/alets/Yii...', Array, true)
#7 /home/alets/YiiProjects/Yii_1/framework/web/CController.php(782): CController->renderPartial('inventario/busc...', Array, true)
#8 /home/alets/YiiProjects/Yii_1/mediatecaWeb/protected/controllers/SiteController.php(144): CController->render('inventario/busc...', Array)
#9 [internal function]: SiteController->actionBuscar('FCG2 E873 Ej. 2', 'Jan 05 1998 00:...', 'Paris : Hachett...', '223 p. : il.')
#10 /home/alets/YiiProjects/Yii_1/framework/web/actions/CAction.php(109): ReflectionMethod->invokeArgs(Object(SiteController), Array)
#11 /home/alets/YiiProjects/Yii_1/framework/web/actions/CInlineAction.php(47): CAction->runWithParamsInternal(Object(SiteController), Object(ReflectionMethod), Array)
#12 /home/alets/YiiProjects/Yii_1/framework/web/CController.php(308): CInlineAction->runWithParams(Array)
#13 /home/alets/YiiProjects/Yii_1/framework/web/CController.php(286): CController->runAction(Object(CInlineAction))
#14 /home/alets/YiiProjects/Yii_1/framework/web/CController.php(265): CController->runActionWithFilters(Object(CInlineAction), Array)
#15 /home/alets/YiiProjects/Yii_1/framework/web/CWebApplication.php(282): CController->run('buscar')
#16 /home/alets/YiiProjects/Yii_1/framework/web/CWebApplication.php(141): CWebApplication->runController('site/buscar')
#17 /home/alets/YiiProjects/Yii_1/framework/base/CApplication.php(185): CWebApplication->processRequest()
#18 /home/alets/YiiProjects/Yii_1/mediatecaWeb/index.php(13): CApplication->run()
#19 {main}
REQUEST_URI=/index.php/site/buscar?clasificacion=FCG2+E873+Ej.+2&fecha_ingreso=Jan+05+1998+00%3A00%3A00&pie_imprenta=Paris+%3A+Hachette%2C+1991.&descripcion_fisica=223+p.+%3A+il.
HTTP_REFERER=http://localhost:8000/
---
2019/06/26 13:33:42 [error] [exception.Error] Error: Call to a member function getData() on array in /home/alets/YiiProjects/Yii_1/framework/zii/widgets/CBaseListView.php:125
Stack trace:
#0 /home/alets/YiiProjects/Yii_1/framework/zii/widgets/grid/CGridView.php(339): CBaseListView->init()
#1 /home/alets/YiiProjects/Yii_1/framework/web/CBaseController.php(147): CGridView->init()
#2 /home/alets/YiiProjects/Yii_1/framework/web/CBaseController.php(180): CBaseController->createWidget('zii.widgets.gri...', Array)
#3 /home/alets/YiiProjects/Yii_1/mediatecaWeb/protected/views/site/inventario/buscar.php(20): CBaseController->widget('zii.widgets.gri...', Array)
#4 /home/alets/YiiProjects/Yii_1/framework/web/CBaseController.php(126): require('/home/alets/Yii...')
#5 /home/alets/YiiProjects/Yii_1/framework/web/CBaseController.php(95): CBaseController->renderInternal('/home/alets/Yii...', Array, true)
#6 /home/alets/YiiProjects/Yii_1/framework/web/CController.php(869): CBaseController->renderFile('/home/alets/Yii...', Array, true)
#7 /home/alets/YiiProjects/Yii_1/framework/web/CController.php(782): CController->renderPartial('inventario/busc...', Array, true)
#8 /home/alets/YiiProjects/Yii_1/mediatecaWeb/protected/controllers/SiteController.php(144): CController->render('inventario/busc...', Array)
#9 [internal function]: SiteController->actionBuscar('FCG2 E873 Ej. 2', 'Jan 05 1998 00:...', 'Paris : Hachett...', '223 p. : il.')
#10 /home/alets/YiiProjects/Yii_1/framework/web/actions/CAction.php(109): ReflectionMethod->invokeArgs(Object(SiteController), Array)
#11 /home/alets/YiiProjects/Yii_1/framework/web/actions/CInlineAction.php(47): CAction->runWithParamsInternal(Object(SiteController), Object(ReflectionMethod), Array)
#12 /home/alets/YiiProjects/Yii_1/framework/web/CController.php(308): CInlineAction->runWithParams(Array)
#13 /home/alets/YiiProjects/Yii_1/framework/web/CController.php(286): CController->runAction(Object(CInlineAction))
#14 /home/alets/YiiProjects/Yii_1/framework/web/CController.php(265): CController->runActionWithFilters(Object(CInlineAction), Array)
#15 /home/alets/YiiProjects/Yii_1/framework/web/CWebApplication.php(282): CController->run('buscar')
#16 /home/alets/YiiProjects/Yii_1/framework/web/CWebApplication.php(141): CWebApplication->runController('site/buscar')
#17 /home/alets/YiiProjects/Yii_1/framework/base/CApplication.php(185): CWebApplication->processRequest()
#18 /home/alets/YiiProjects/Yii_1/mediatecaWeb/index.php(13): CApplication->run()
#19 {main}
REQUEST_URI=/index.php/site/buscar?clasificacion=FCG2+E873+Ej.+2&fecha_ingreso=Jan+05+1998+00%3A00%3A00&pie_imprenta=Paris+%3A+Hachette%2C+1991.&descripcion_fisica=223+p.+%3A+il.
HTTP_REFERER=http://localhost:8000/
---
2019/06/26 13:33:43 [error] [exception.Error] Error: Call to a member function getData() on array in /home/alets/YiiProjects/Yii_1/framework/zii/widgets/CBaseListView.php:125
Stack trace:
#0 /home/alets/YiiProjects/Yii_1/framework/zii/widgets/grid/CGridView.php(339): CBaseListView->init()
#1 /home/alets/YiiProjects/Yii_1/framework/web/CBaseController.php(147): CGridView->init()
#2 /home/alets/YiiProjects/Yii_1/framework/web/CBaseController.php(180): CBaseController->createWidget('zii.widgets.gri...', Array)
#3 /home/alets/YiiProjects/Yii_1/mediatecaWeb/protected/views/site/inventario/buscar.php(20): CBaseController->widget('zii.widgets.gri...', Array)
#4 /home/alets/YiiProjects/Yii_1/framework/web/CBaseController.php(126): require('/home/alets/Yii...')
#5 /home/alets/YiiProjects/Yii_1/framework/web/CBaseController.php(95): CBaseController->renderInternal('/home/alets/Yii...', Array, true)
#6 /home/alets/YiiProjects/Yii_1/framework/web/CController.php(869): CBaseController->renderFile('/home/alets/Yii...', Array, true)
#7 /home/alets/YiiProjects/Yii_1/framework/web/CController.php(782): CController->renderPartial('inventario/busc...', Array, true)
#8 /home/alets/YiiProjects/Yii_1/mediatecaWeb/protected/controllers/SiteController.php(144): CController->render('inventario/busc...', Array)
#9 [internal function]: SiteController->actionBuscar('FCG2 E873 Ej. 2', 'Jan 05 1998 00:...', 'Paris : Hachett...', '223 p. : il.')
#10 /home/alets/YiiProjects/Yii_1/framework/web/actions/CAction.php(109): ReflectionMethod->invokeArgs(Object(SiteController), Array)
#11 /home/alets/YiiProjects/Yii_1/framework/web/actions/CInlineAction.php(47): CAction->runWithParamsInternal(Object(SiteController), Object(ReflectionMethod), Array)
#12 /home/alets/YiiProjects/Yii_1/framework/web/CController.php(308): CInlineAction->runWithParams(Array)
#13 /home/alets/YiiProjects/Yii_1/framework/web/CController.php(286): CController->runAction(Object(CInlineAction))
#14 /home/alets/YiiProjects/Yii_1/framework/web/CController.php(265): CController->runActionWithFilters(Object(CInlineAction), Array)
#15 /home/alets/YiiProjects/Yii_1/framework/web/CWebApplication.php(282): CController->run('buscar')
#16 /home/alets/YiiProjects/Yii_1/framework/web/CWebApplication.php(141): CWebApplication->runController('site/buscar')
#17 /home/alets/YiiProjects/Yii_1/framework/base/CApplication.php(185): CWebApplication->processRequest()
#18 /home/alets/YiiProjects/Yii_1/mediatecaWeb/index.php(13): CApplication->run()
#19 {main}
REQUEST_URI=/index.php/site/buscar?clasificacion=FCG2+E873+Ej.+2&fecha_ingreso=Jan+05+1998+00%3A00%3A00&pie_imprenta=Paris+%3A+Hachette%2C+1991.&descripcion_fisica=223+p.+%3A+il.
HTTP_REFERER=http://localhost:8000/
---
2019/06/26 13:43:09 [error] [exception.Error] Error: Call to a member function getData() on array in /home/alets/YiiProjects/Yii_1/framework/zii/widgets/CBaseListView.php:125
Stack trace:
#0 /home/alets/YiiProjects/Yii_1/framework/zii/widgets/grid/CGridView.php(339): CBaseListView->init()
#1 /home/alets/YiiProjects/Yii_1/framework/web/CBaseController.php(147): CGridView->init()
#2 /home/alets/YiiProjects/Yii_1/framework/web/CBaseController.php(180): CBaseController->createWidget('zii.widgets.gri...', Array)
#3 /home/alets/YiiProjects/Yii_1/mediatecaWeb/protected/views/site/inventario/buscar.php(20): CBaseController->widget('zii.widgets.gri...', Array)
#4 /home/alets/YiiProjects/Yii_1/framework/web/CBaseController.php(126): require('/home/alets/Yii...')
#5 /home/alets/YiiProjects/Yii_1/framework/web/CBaseController.php(95): CBaseController->renderInternal('/home/alets/Yii...', Array, true)
#6 /home/alets/YiiProjects/Yii_1/framework/web/CController.php(869): CBaseController->renderFile('/home/alets/Yii...', Array, true)
#7 /home/alets/YiiProjects/Yii_1/framework/web/CController.php(782): CController->renderPartial('inventario/busc...', Array, true)
#8 /home/alets/YiiProjects/Yii_1/mediatecaWeb/protected/controllers/SiteController.php(144): CController->render('inventario/busc...', Array)
#9 [internal function]: SiteController->actionBuscar('FCG2 E873 Ej. 2', 'Jan 05 1998 00:...', 'Paris : Hachett...', '223 p. : il.')
#10 /home/alets/YiiProjects/Yii_1/framework/web/actions/CAction.php(109): ReflectionMethod->invokeArgs(Object(SiteController), Array)
#11 /home/alets/YiiProjects/Yii_1/framework/web/actions/CInlineAction.php(47): CAction->runWithParamsInternal(Object(SiteController), Object(ReflectionMethod), Array)
#12 /home/alets/YiiProjects/Yii_1/framework/web/CController.php(308): CInlineAction->runWithParams(Array)
#13 /home/alets/YiiProjects/Yii_1/framework/web/CController.php(286): CController->runAction(Object(CInlineAction))
#14 /home/alets/YiiProjects/Yii_1/framework/web/CController.php(265): CController->runActionWithFilters(Object(CInlineAction), Array)
#15 /home/alets/YiiProjects/Yii_1/framework/web/CWebApplication.php(282): CController->run('buscar')
#16 /home/alets/YiiProjects/Yii_1/framework/web/CWebApplication.php(141): CWebApplication->runController('site/buscar')
#17 /home/alets/YiiProjects/Yii_1/framework/base/CApplication.php(185): CWebApplication->processRequest()
#18 /home/alets/YiiProjects/Yii_1/mediatecaWeb/index.php(13): CApplication->run()
#19 {main}
REQUEST_URI=/index.php/site/buscar?clasificacion=FCG2+E873+Ej.+2&fecha_ingreso=Jan+05+1998+00%3A00%3A00&pie_imprenta=Paris+%3A+Hachette%2C+1991.&descripcion_fisica=223+p.+%3A+il.
HTTP_REFERER=http://localhost:8000/
---
2019/06/26 13:43:10 [error] [exception.Error] Error: Call to a member function getData() on array in /home/alets/YiiProjects/Yii_1/framework/zii/widgets/CBaseListView.php:125
Stack trace:
#0 /home/alets/YiiProjects/Yii_1/framework/zii/widgets/grid/CGridView.php(339): CBaseListView->init()
#1 /home/alets/YiiProjects/Yii_1/framework/web/CBaseController.php(147): CGridView->init()
#2 /home/alets/YiiProjects/Yii_1/framework/web/CBaseController.php(180): CBaseController->createWidget('zii.widgets.gri...', Array)
#3 /home/alets/YiiProjects/Yii_1/mediatecaWeb/protected/views/site/inventario/buscar.php(20): CBaseController->widget('zii.widgets.gri...', Array)
#4 /home/alets/YiiProjects/Yii_1/framework/web/CBaseController.php(126): require('/home/alets/Yii...')
#5 /home/alets/YiiProjects/Yii_1/framework/web/CBaseController.php(95): CBaseController->renderInternal('/home/alets/Yii...', Array, true)
#6 /home/alets/YiiProjects/Yii_1/framework/web/CController.php(869): CBaseController->renderFile('/home/alets/Yii...', Array, true)
#7 /home/alets/YiiProjects/Yii_1/framework/web/CController.php(782): CController->renderPartial('inventario/busc...', Array, true)
#8 /home/alets/YiiProjects/Yii_1/mediatecaWeb/protected/controllers/SiteController.php(144): CController->render('inventario/busc...', Array)
#9 [internal function]: SiteController->actionBuscar('FCG2 E873 Ej. 2', 'Jan 05 1998 00:...', 'Paris : Hachett...', '223 p. : il.')
#10 /home/alets/YiiProjects/Yii_1/framework/web/actions/CAction.php(109): ReflectionMethod->invokeArgs(Object(SiteController), Array)
#11 /home/alets/YiiProjects/Yii_1/framework/web/actions/CInlineAction.php(47): CAction->runWithParamsInternal(Object(SiteController), Object(ReflectionMethod), Array)
#12 /home/alets/YiiProjects/Yii_1/framework/web/CController.php(308): CInlineAction->runWithParams(Array)
#13 /home/alets/YiiProjects/Yii_1/framework/web/CController.php(286): CController->runAction(Object(CInlineAction))
#14 /home/alets/YiiProjects/Yii_1/framework/web/CController.php(265): CController->runActionWithFilters(Object(CInlineAction), Array)
#15 /home/alets/YiiProjects/Yii_1/framework/web/CWebApplication.php(282): CController->run('buscar')
#16 /home/alets/YiiProjects/Yii_1/framework/web/CWebApplication.php(141): CWebApplication->runController('site/buscar')
#17 /home/alets/YiiProjects/Yii_1/framework/base/CApplication.php(185): CWebApplication->processRequest()
#18 /home/alets/YiiProjects/Yii_1/mediatecaWeb/index.php(13): CApplication->run()
#19 {main}
REQUEST_URI=/index.php/site/buscar?clasificacion=FCG2+E873+Ej.+2&fecha_ingreso=Jan+05+1998+00%3A00%3A00&pie_imprenta=Paris+%3A+Hachette%2C+1991.&descripcion_fisica=223+p.+%3A+il.
HTTP_REFERER=http://localhost:8000/
---
2019/06/26 13:43:23 [error] [exception.Error] Error: Call to a member function getData() on array in /home/alets/YiiProjects/Yii_1/framework/zii/widgets/CBaseListView.php:125
Stack trace:
#0 /home/alets/YiiProjects/Yii_1/framework/zii/widgets/grid/CGridView.php(339): CBaseListView->init()
#1 /home/alets/YiiProjects/Yii_1/framework/web/CBaseController.php(147): CGridView->init()
#2 /home/alets/YiiProjects/Yii_1/framework/web/CBaseController.php(180): CBaseController->createWidget('zii.widgets.gri...', Array)
#3 /home/alets/YiiProjects/Yii_1/mediatecaWeb/protected/views/site/inventario/buscar.php(20): CBaseController->widget('zii.widgets.gri...', Array)
#4 /home/alets/YiiProjects/Yii_1/framework/web/CBaseController.php(126): require('/home/alets/Yii...')
#5 /home/alets/YiiProjects/Yii_1/framework/web/CBaseController.php(95): CBaseController->renderInternal('/home/alets/Yii...', Array, true)
#6 /home/alets/YiiProjects/Yii_1/framework/web/CController.php(869): CBaseController->renderFile('/home/alets/Yii...', Array, true)
#7 /home/alets/YiiProjects/Yii_1/framework/web/CController.php(782): CController->renderPartial('inventario/busc...', Array, true)
#8 /home/alets/YiiProjects/Yii_1/mediatecaWeb/protected/controllers/SiteController.php(144): CController->render('inventario/busc...', Array)
#9 [internal function]: SiteController->actionBuscar('IF1\\3 E981 1 Ej...', '', '', '')
#10 /home/alets/YiiProjects/Yii_1/framework/web/actions/CAction.php(109): ReflectionMethod->invokeArgs(Object(SiteController), Array)
#11 /home/alets/YiiProjects/Yii_1/framework/web/actions/CInlineAction.php(47): CAction->runWithParamsInternal(Object(SiteController), Object(ReflectionMethod), Array)
#12 /home/alets/YiiProjects/Yii_1/framework/web/CController.php(308): CInlineAction->runWithParams(Array)
#13 /home/alets/YiiProjects/Yii_1/framework/web/CController.php(286): CController->runAction(Object(CInlineAction))
#14 /home/alets/YiiProjects/Yii_1/framework/web/CController.php(265): CController->runActionWithFilters(Object(CInlineAction), Array)
#15 /home/alets/YiiProjects/Yii_1/framework/web/CWebApplication.php(282): CController->run('buscar')
#16 /home/alets/YiiProjects/Yii_1/framework/web/CWebApplication.php(141): CWebApplication->runController('site/buscar')
#17 /home/alets/YiiProjects/Yii_1/framework/base/CApplication.php(185): CWebApplication->processRequest()
#18 /home/alets/YiiProjects/Yii_1/mediatecaWeb/index.php(13): CApplication->run()
#19 {main}
REQUEST_URI=/index.php/site/buscar?clasificacion=IF1%5C3+E981+1+Ej.1&fecha_ingreso=&pie_imprenta=&descripcion_fisica=
HTTP_REFERER=http://localhost:8000/
---
2019/06/26 14:31:56 [error] [php] Undefined variable: modelo (/home/alets/YiiProjects/Yii_1/mediatecaWeb/protected/views/site/inventario/buscar.php:21)
Stack trace:
#0 /home/alets/YiiProjects/Yii_1/framework/web/CController.php(869): SiteController->renderFile()
#1 /home/alets/YiiProjects/Yii_1/framework/web/CController.php(782): SiteController->renderPartial()
#2 /home/alets/YiiProjects/Yii_1/mediatecaWeb/protected/controllers/SiteController.php(143): SiteController->render()
#3 unknown(0): SiteController->actionBuscar()
#4 /home/alets/YiiProjects/Yii_1/framework/web/actions/CAction.php(109): ReflectionMethod->invokeArgs()
#5 /home/alets/YiiProjects/Yii_1/framework/web/actions/CInlineAction.php(47): CInlineAction->runWithParamsInternal()
#6 /home/alets/YiiProjects/Yii_1/framework/web/CController.php(308): CInlineAction->runWithParams()
#7 /home/alets/YiiProjects/Yii_1/framework/web/CController.php(286): SiteController->runAction()
#8 /home/alets/YiiProjects/Yii_1/framework/web/CController.php(265): SiteController->runActionWithFilters()
#9 /home/alets/YiiProjects/Yii_1/framework/web/CWebApplication.php(282): SiteController->run()
#10 /home/alets/YiiProjects/Yii_1/framework/web/CWebApplication.php(141): CWebApplication->runController()
#11 /home/alets/YiiProjects/Yii_1/framework/base/CApplication.php(185): CWebApplication->processRequest()
#12 /home/alets/YiiProjects/Yii_1/mediatecaWeb/index.php(13): CWebApplication->run()
REQUEST_URI=/index.php/site/buscar?clasificacion=ICA1%5C3+A553+1+Ej.1&fecha_ingreso=&pie_imprenta=&descripcion_fisica=
in /home/alets/YiiProjects/Yii_1/mediatecaWeb/protected/views/site/inventario/buscar.php (21)
in /home/alets/YiiProjects/Yii_1/mediatecaWeb/protected/controllers/SiteController.php (143)
in /home/alets/YiiProjects/Yii_1/mediatecaWeb/index.php (13)
2019/06/26 14:32:20 [error] [system.db.CDbCommand] CDbCommand::fetchColumn() failed: SQLSTATE[42P01]: Undefined table: 7 ERROR:  invalid reference to FROM-clause entry for table "inventario"
LINE 1: ...t" INNER JOIN acervo_digital as ad ON(ad.idacervo=inventario...
                                                             ^
HINT:  Perhaps you meant to reference the table alias "t".. The SQL statement executed was: SELECT COUNT(*) FROM "inventario" "t" INNER JOIN acervo_digital as ad ON(ad.idacervo=inventario.idacervo).
in /home/alets/YiiProjects/Yii_1/mediatecaWeb/protected/views/site/inventario/buscar.php (20)
in /home/alets/YiiProjects/Yii_1/mediatecaWeb/protected/controllers/SiteController.php (143)
in /home/alets/YiiProjects/Yii_1/mediatecaWeb/index.php (13)
2019/06/26 14:32:20 [error] [exception.CDbException] CDbException: CDbCommand failed to execute the SQL statement: SQLSTATE[42P01]: Undefined table: 7 ERROR:  invalid reference to FROM-clause entry for table "inventario"
LINE 1: ...t" INNER JOIN acervo_digital as ad ON(ad.idacervo=inventario...
                                                             ^
HINT:  Perhaps you meant to reference the table alias "t".. The SQL statement executed was: SELECT COUNT(*) FROM "inventario" "t" INNER JOIN acervo_digital as ad ON(ad.idacervo=inventario.idacervo) in /home/alets/YiiProjects/Yii_1/framework/db/CDbCommand.php:543
Stack trace:
#0 /home/alets/YiiProjects/Yii_1/framework/db/CDbCommand.php(433): CDbCommand->queryInternal('fetchColumn', 0, Array)
#1 /home/alets/YiiProjects/Yii_1/framework/db/ar/CActiveRecord.php(1606): CDbCommand->queryScalar()
#2 /home/alets/YiiProjects/Yii_1/framework/web/CActiveDataProvider.php(228): CActiveRecord->count(Object(CDbCriteria))
#3 /home/alets/YiiProjects/Yii_1/framework/web/CDataProvider.php(224): CActiveDataProvider->calculateTotalItemCount()
#4 /home/alets/YiiProjects/Yii_1/framework/web/CActiveDataProvider.php(178): CDataProvider->getTotalItemCount()
#5 /home/alets/YiiProjects/Yii_1/framework/web/CDataProvider.php(168): CActiveDataProvider->fetchData()
#6 /home/alets/YiiProjects/Yii_1/framework/zii/widgets/CBaseListView.php(125): CDataProvider->getData()
#7 /home/alets/YiiProjects/Yii_1/framework/zii/widgets/grid/CGridView.php(339): CBaseListView->init()
#8 /home/alets/YiiProjects/Yii_1/framework/web/CBaseController.php(147): CGridView->init()
#9 /home/alets/YiiProjects/Yii_1/framework/web/CBaseController.php(180): CBaseController->createWidget('zii.widgets.gri...', Array)
#10 /home/alets/YiiProjects/Yii_1/mediatecaWeb/protected/views/site/inventario/buscar.php(20): CBaseController->widget('zii.widgets.gri...', Array)
#11 /home/alets/YiiProjects/Yii_1/framework/web/CBaseController.php(126): require('/home/alets/Yii...')
#12 /home/alets/YiiProjects/Yii_1/framework/web/CBaseController.php(95): CBaseController->renderInternal('/home/alets/Yii...', Array, true)
#13 /home/alets/YiiProjects/Yii_1/framework/web/CController.php(869): CBaseController->renderFile('/home/alets/Yii...', Array, true)
#14 /home/alets/YiiProjects/Yii_1/framework/web/CController.php(782): CController->renderPartial('inventario/busc...', Array, true)
#15 /home/alets/YiiProjects/Yii_1/mediatecaWeb/protected/controllers/SiteController.php(143): CController->render('inventario/busc...', Array)
#16 [internal function]: SiteController->actionBuscar('ICA1\\3 A553 1 E...', '', '', '')
#17 /home/alets/YiiProjects/Yii_1/framework/web/actions/CAction.php(109): ReflectionMethod->invokeArgs(Object(SiteController), Array)
#18 /home/alets/YiiProjects/Yii_1/framework/web/actions/CInlineAction.php(47): CAction->runWithParamsInternal(Object(SiteController), Object(ReflectionMethod), Array)
#19 /home/alets/YiiProjects/Yii_1/framework/web/CController.php(308): CInlineAction->runWithParams(Array)
#20 /home/alets/YiiProjects/Yii_1/framework/web/CController.php(286): CController->runAction(Object(CInlineAction))
#21 /home/alets/YiiProjects/Yii_1/framework/web/CController.php(265): CController->runActionWithFilters(Object(CInlineAction), Array)
#22 /home/alets/YiiProjects/Yii_1/framework/web/CWebApplication.php(282): CController->run('buscar')
#23 /home/alets/YiiProjects/Yii_1/framework/web/CWebApplication.php(141): CWebApplication->runController('site/buscar')
#24 /home/alets/YiiProjects/Yii_1/framework/base/CApplication.php(185): CWebApplication->processRequest()
#25 /home/alets/YiiProjects/Yii_1/mediatecaWeb/index.php(13): CApplication->run()
#26 {main}
REQUEST_URI=/index.php/site/buscar?clasificacion=ICA1%5C3+A553+1+Ej.1&fecha_ingreso=&pie_imprenta=&descripcion_fisica=
HTTP_REFERER=http://localhost:8000/index.php/site
---
2019/07/23 13:06:10 [error] [exception.CHttpException.404] CHttpException: Unable to resolve the request "inventario/buscar". in /home/alets/YiiProjects/Yii_1/framework/web/CWebApplication.php:286
Stack trace:
#0 /home/alets/YiiProjects/Yii_1/framework/web/CWebApplication.php(141): CWebApplication->runController('inventario/busc...')
#1 /home/alets/YiiProjects/Yii_1/framework/base/CApplication.php(185): CWebApplication->processRequest()
#2 /home/alets/YiiProjects/Yii_1/mediatecaWeb/index.php(13): CApplication->run()
#3 {main}
REQUEST_URI=/index.php/inventario/buscar?clasificacion=Juan&fecha_ingreso=&pie_imprenta=&descripcion_fisica=
HTTP_REFERER=http://localhost:8000/index.php
---
2019/07/23 13:06:28 [error] [exception.CHttpException.404] CHttpException: Unable to resolve the request "inventario/buscar". in /home/alets/YiiProjects/Yii_1/framework/web/CWebApplication.php:286
Stack trace:
#0 /home/alets/YiiProjects/Yii_1/framework/web/CWebApplication.php(141): CWebApplication->runController('inventario/busc...')
#1 /home/alets/YiiProjects/Yii_1/framework/base/CApplication.php(185): CWebApplication->processRequest()
#2 /home/alets/YiiProjects/Yii_1/mediatecaWeb/index.php(13): CApplication->run()
#3 {main}
REQUEST_URI=/index.php/inventario/buscar?clasificacion=Juan&fecha_ingreso=&pie_imprenta=&descripcion_fisica=
HTTP_REFERER=http://localhost:8000/index.php
---
2019/07/23 13:06:29 [error] [exception.CHttpException.404] CHttpException: Unable to resolve the request "inventario/buscar". in /home/alets/YiiProjects/Yii_1/framework/web/CWebApplication.php:286
Stack trace:
#0 /home/alets/YiiProjects/Yii_1/framework/web/CWebApplication.php(141): CWebApplication->runController('inventario/busc...')
#1 /home/alets/YiiProjects/Yii_1/framework/base/CApplication.php(185): CWebApplication->processRequest()
#2 /home/alets/YiiProjects/Yii_1/mediatecaWeb/index.php(13): CApplication->run()
#3 {main}
REQUEST_URI=/index.php/inventario/buscar?clasificacion=Juan&fecha_ingreso=&pie_imprenta=&descripcion_fisica=
HTTP_REFERER=http://localhost:8000/index.php
---
2019/07/23 13:09:54 [error] [system.db.CDbCommand] CDbCommand::fetchAll() failed: SQLSTATE[42883]: Undefined function: 7 ERROR:  operator does not exist: timestamp without time zone ~~ unknown
LINE 1: ...WHERE (((clasificacion LIKE $1) OR (fecha_ingreso LIKE $2)) ...
                                                             ^
HINT:  No operator matches the given name and argument type(s). You might need to add explicit type casts.. The SQL statement executed was: SELECT * FROM "inventario" "t" WHERE (((clasificacion LIKE :ycp0) OR (fecha_ingreso LIKE :ycp1)) OR (pie_imprenta LIKE :ycp2)) OR (descripcion_fisica LIKE :ycp3).
in /home/alets/YiiProjects/Yii_1/mediatecaWeb/protected/controllers/SiteController.php (134)
in /home/alets/YiiProjects/Yii_1/mediatecaWeb/index.php (13)
2019/07/23 13:09:54 [error] [exception.CDbException] CDbException: CDbCommand failed to execute the SQL statement: SQLSTATE[42883]: Undefined function: 7 ERROR:  operator does not exist: timestamp without time zone ~~ unknown
LINE 1: ...WHERE (((clasificacion LIKE $1) OR (fecha_ingreso LIKE $2)) ...
                                                             ^
HINT:  No operator matches the given name and argument type(s). You might need to add explicit type casts.. The SQL statement executed was: SELECT * FROM "inventario" "t" WHERE (((clasificacion LIKE :ycp0) OR (fecha_ingreso LIKE :ycp1)) OR (pie_imprenta LIKE :ycp2)) OR (descripcion_fisica LIKE :ycp3) in /home/alets/YiiProjects/Yii_1/framework/db/CDbCommand.php:543
Stack trace:
#0 /home/alets/YiiProjects/Yii_1/framework/db/CDbCommand.php(396): CDbCommand->queryInternal('fetchAll', Array, Array)
#1 /home/alets/YiiProjects/Yii_1/framework/db/ar/CActiveRecord.php(1356): CDbCommand->queryAll()
#2 /home/alets/YiiProjects/Yii_1/framework/db/ar/CActiveRecord.php(1475): CActiveRecord->query(Object(CDbCriteria), true)
#3 /home/alets/YiiProjects/Yii_1/mediatecaWeb/protected/controllers/SiteController.php(134): CActiveRecord->findAll(Object(CDbCriteria))
#4 [internal function]: SiteController->actionBuscar('XXX YYY ZZZ 1.1', 'fecha de ingres...', 'M\xC3\xA9xico : UNAM....', '48 p. : il.')
#5 /home/alets/YiiProjects/Yii_1/framework/web/actions/CAction.php(109): ReflectionMethod->invokeArgs(Object(SiteController), Array)
#6 /home/alets/YiiProjects/Yii_1/framework/web/actions/CInlineAction.php(47): CAction->runWithParamsInternal(Object(SiteController), Object(ReflectionMethod), Array)
#7 /home/alets/YiiProjects/Yii_1/framework/web/CController.php(308): CInlineAction->runWithParams(Array)
#8 /home/alets/YiiProjects/Yii_1/framework/web/CController.php(286): CController->runAction(Object(CInlineAction))
#9 /home/alets/YiiProjects/Yii_1/framework/web/CController.php(265): CController->runActionWithFilters(Object(CInlineAction), Array)
#10 /home/alets/YiiProjects/Yii_1/framework/web/CWebApplication.php(282): CController->run('buscar')
#11 /home/alets/YiiProjects/Yii_1/framework/web/CWebApplication.php(141): CWebApplication->runController('site/buscar')
#12 /home/alets/YiiProjects/Yii_1/framework/base/CApplication.php(185): CWebApplication->processRequest()
#13 /home/alets/YiiProjects/Yii_1/mediatecaWeb/index.php(13): CApplication->run()
#14 {main}
REQUEST_URI=/index.php/site/buscar?clasificacion=XXX+YYY+ZZZ+1.1&fecha_ingreso=fecha+de+ingreso&pie_imprenta=M%C3%A9xico+%3A+UNAM.+CELE%2C+1983.&descripcion_fisica=48+p.+%3A+il.
HTTP_REFERER=http://localhost:8000/index.php
---
2019/07/23 13:15:31 [error] [exception.Error] Error: Call to a member function getData() on array in /home/alets/YiiProjects/Yii_1/framework/zii/widgets/CBaseListView.php:125
Stack trace:
#0 /home/alets/YiiProjects/Yii_1/framework/zii/widgets/grid/CGridView.php(339): CBaseListView->init()
#1 /home/alets/YiiProjects/Yii_1/framework/web/CBaseController.php(147): CGridView->init()
#2 /home/alets/YiiProjects/Yii_1/framework/web/CBaseController.php(180): CBaseController->createWidget('zii.widgets.gri...', Array)
#3 /home/alets/YiiProjects/Yii_1/mediatecaWeb/protected/views/site/inventario/buscar.php(20): CBaseController->widget('zii.widgets.gri...', Array)
#4 /home/alets/YiiProjects/Yii_1/framework/web/CBaseController.php(126): require('/home/alets/Yii...')
#5 /home/alets/YiiProjects/Yii_1/framework/web/CBaseController.php(95): CBaseController->renderInternal('/home/alets/Yii...', Array, true)
#6 /home/alets/YiiProjects/Yii_1/framework/web/CController.php(869): CBaseController->renderFile('/home/alets/Yii...', Array, true)
#7 /home/alets/YiiProjects/Yii_1/framework/web/CController.php(782): CController->renderPartial('inventario/busc...', Array, true)
#8 /home/alets/YiiProjects/Yii_1/mediatecaWeb/protected/controllers/SiteController.php(143): CController->render('inventario/busc...', Array)
#9 [internal function]: SiteController->actionBuscar('XXX YYY ZZZ 1.1', '', 'M\xC3\xA9xico : UNAM....', '48 p. : il.')
#10 /home/alets/YiiProjects/Yii_1/framework/web/actions/CAction.php(109): ReflectionMethod->invokeArgs(Object(SiteController), Array)
#11 /home/alets/YiiProjects/Yii_1/framework/web/actions/CInlineAction.php(47): CAction->runWithParamsInternal(Object(SiteController), Object(ReflectionMethod), Array)
#12 /home/alets/YiiProjects/Yii_1/framework/web/CController.php(308): CInlineAction->runWithParams(Array)
#13 /home/alets/YiiProjects/Yii_1/framework/web/CController.php(286): CController->runAction(Object(CInlineAction))
#14 /home/alets/YiiProjects/Yii_1/framework/web/CController.php(265): CController->runActionWithFilters(Object(CInlineAction), Array)
#15 /home/alets/YiiProjects/Yii_1/framework/web/CWebApplication.php(282): CController->run('buscar')
#16 /home/alets/YiiProjects/Yii_1/framework/web/CWebApplication.php(141): CWebApplication->runController('site/buscar')
#17 /home/alets/YiiProjects/Yii_1/framework/base/CApplication.php(185): CWebApplication->processRequest()
#18 /home/alets/YiiProjects/Yii_1/mediatecaWeb/index.php(13): CApplication->run()
#19 {main}
REQUEST_URI=/index.php/site/buscar?clasificacion=XXX+YYY+ZZZ+1.1&fecha_ingreso=&pie_imprenta=M%C3%A9xico+%3A+UNAM.+CELE%2C+1983.&descripcion_fisica=48+p.+%3A+il.
HTTP_REFERER=http://localhost:8000/index.php
---
2019/07/23 13:15:38 [error] [exception.Error] Error: Call to a member function getData() on array in /home/alets/YiiProjects/Yii_1/framework/zii/widgets/CBaseListView.php:125
Stack trace:
#0 /home/alets/YiiProjects/Yii_1/framework/zii/widgets/grid/CGridView.php(339): CBaseListView->init()
#1 /home/alets/YiiProjects/Yii_1/framework/web/CBaseController.php(147): CGridView->init()
#2 /home/alets/YiiProjects/Yii_1/framework/web/CBaseController.php(180): CBaseController->createWidget('zii.widgets.gri...', Array)
#3 /home/alets/YiiProjects/Yii_1/mediatecaWeb/protected/views/site/inventario/buscar.php(20): CBaseController->widget('zii.widgets.gri...', Array)
#4 /home/alets/YiiProjects/Yii_1/framework/web/CBaseController.php(126): require('/home/alets/Yii...')
#5 /home/alets/YiiProjects/Yii_1/framework/web/CBaseController.php(95): CBaseController->renderInternal('/home/alets/Yii...', Array, true)
#6 /home/alets/YiiProjects/Yii_1/framework/web/CController.php(869): CBaseController->renderFile('/home/alets/Yii...', Array, true)
#7 /home/alets/YiiProjects/Yii_1/framework/web/CController.php(782): CController->renderPartial('inventario/busc...', Array, true)
#8 /home/alets/YiiProjects/Yii_1/mediatecaWeb/protected/controllers/SiteController.php(143): CController->render('inventario/busc...', Array)
#9 [internal function]: SiteController->actionBuscar('XXX YYY ZZZ 1.1', '', 'M\xC3\xA9xico : UNAM....', '48 p. : il.')
#10 /home/alets/YiiProjects/Yii_1/framework/web/actions/CAction.php(109): ReflectionMethod->invokeArgs(Object(SiteController), Array)
#11 /home/alets/YiiProjects/Yii_1/framework/web/actions/CInlineAction.php(47): CAction->runWithParamsInternal(Object(SiteController), Object(ReflectionMethod), Array)
#12 /home/alets/YiiProjects/Yii_1/framework/web/CController.php(308): CInlineAction->runWithParams(Array)
#13 /home/alets/YiiProjects/Yii_1/framework/web/CController.php(286): CController->runAction(Object(CInlineAction))
#14 /home/alets/YiiProjects/Yii_1/framework/web/CController.php(265): CController->runActionWithFilters(Object(CInlineAction), Array)
#15 /home/alets/YiiProjects/Yii_1/framework/web/CWebApplication.php(282): CController->run('buscar')
#16 /home/alets/YiiProjects/Yii_1/framework/web/CWebApplication.php(141): CWebApplication->runController('site/buscar')
#17 /home/alets/YiiProjects/Yii_1/framework/base/CApplication.php(185): CWebApplication->processRequest()
#18 /home/alets/YiiProjects/Yii_1/mediatecaWeb/index.php(13): CApplication->run()
#19 {main}
REQUEST_URI=/index.php/site/buscar?clasificacion=XXX+YYY+ZZZ+1.1&fecha_ingreso=&pie_imprenta=M%C3%A9xico+%3A+UNAM.+CELE%2C+1983.&descripcion_fisica=48+p.+%3A+il.
HTTP_REFERER=http://localhost:8000/index.php
---
2019/07/23 13:15:42 [error] [exception.Error] Error: Call to a member function getData() on array in /home/alets/YiiProjects/Yii_1/framework/zii/widgets/CBaseListView.php:125
Stack trace:
#0 /home/alets/YiiProjects/Yii_1/framework/zii/widgets/grid/CGridView.php(339): CBaseListView->init()
#1 /home/alets/YiiProjects/Yii_1/framework/web/CBaseController.php(147): CGridView->init()
#2 /home/alets/YiiProjects/Yii_1/framework/web/CBaseController.php(180): CBaseController->createWidget('zii.widgets.gri...', Array)
#3 /home/alets/YiiProjects/Yii_1/mediatecaWeb/protected/views/site/inventario/buscar.php(20): CBaseController->widget('zii.widgets.gri...', Array)
#4 /home/alets/YiiProjects/Yii_1/framework/web/CBaseController.php(126): require('/home/alets/Yii...')
#5 /home/alets/YiiProjects/Yii_1/framework/web/CBaseController.php(95): CBaseController->renderInternal('/home/alets/Yii...', Array, true)
#6 /home/alets/YiiProjects/Yii_1/framework/web/CController.php(869): CBaseController->renderFile('/home/alets/Yii...', Array, true)
#7 /home/alets/YiiProjects/Yii_1/framework/web/CController.php(782): CController->renderPartial('inventario/busc...', Array, true)
#8 /home/alets/YiiProjects/Yii_1/mediatecaWeb/protected/controllers/SiteController.php(143): CController->render('inventario/busc...', Array)
#9 [internal function]: SiteController->actionBuscar('XXX YYY ZZZ 1.1', '', 'M\xC3\xA9xico : UNAM....', '48 p. : il.')
#10 /home/alets/YiiProjects/Yii_1/framework/web/actions/CAction.php(109): ReflectionMethod->invokeArgs(Object(SiteController), Array)
#11 /home/alets/YiiProjects/Yii_1/framework/web/actions/CInlineAction.php(47): CAction->runWithParamsInternal(Object(SiteController), Object(ReflectionMethod), Array)
#12 /home/alets/YiiProjects/Yii_1/framework/web/CController.php(308): CInlineAction->runWithParams(Array)
#13 /home/alets/YiiProjects/Yii_1/framework/web/CController.php(286): CController->runAction(Object(CInlineAction))
#14 /home/alets/YiiProjects/Yii_1/framework/web/CController.php(265): CController->runActionWithFilters(Object(CInlineAction), Array)
#15 /home/alets/YiiProjects/Yii_1/framework/web/CWebApplication.php(282): CController->run('buscar')
#16 /home/alets/YiiProjects/Yii_1/framework/web/CWebApplication.php(141): CWebApplication->runController('site/buscar')
#17 /home/alets/YiiProjects/Yii_1/framework/base/CApplication.php(185): CWebApplication->processRequest()
#18 /home/alets/YiiProjects/Yii_1/mediatecaWeb/index.php(13): CApplication->run()
#19 {main}
REQUEST_URI=/index.php/site/buscar?clasificacion=XXX+YYY+ZZZ+1.1&fecha_ingreso=&pie_imprenta=M%C3%A9xico+%3A+UNAM.+CELE%2C+1983.&descripcion_fisica=48+p.+%3A+il.
HTTP_REFERER=http://localhost:8000/index.php
---
2019/08/02 13:14:53 [error] [exception.ParseError] ParseError: syntax error, unexpected ';', expecting ')' in /home/alets/YiiProjects/Yii_1/mediatecaWeb/themes/classic/views/layouts/main.php:58
Stack trace:
#0 /home/alets/YiiProjects/Yii_1/framework/web/CBaseController.php(95): CBaseController->renderInternal('/home/alets/Yii...', Array, true)
#1 /home/alets/YiiProjects/Yii_1/framework/web/CController.php(784): CBaseController->renderFile('/home/alets/Yii...', Array, true)
#2 /home/alets/YiiProjects/Yii_1/mediatecaWeb/protected/controllers/SiteController.php(105): CController->render('inventario/inve...', Array)
#3 /home/alets/YiiProjects/Yii_1/framework/web/actions/CInlineAction.php(49): SiteController->actionIndex()
#4 /home/alets/YiiProjects/Yii_1/framework/web/CController.php(308): CInlineAction->runWithParams(Array)
#5 /home/alets/YiiProjects/Yii_1/framework/web/CController.php(286): CController->runAction(Object(CInlineAction))
#6 /home/alets/YiiProjects/Yii_1/framework/web/CController.php(265): CController->runActionWithFilters(Object(CInlineAction), Array)
#7 /home/alets/YiiProjects/Yii_1/framework/web/CWebApplication.php(282): CController->run('')
#8 /home/alets/YiiProjects/Yii_1/framework/web/CWebApplication.php(141): CWebApplication->runController('')
#9 /home/alets/YiiProjects/Yii_1/framework/base/CApplication.php(185): CWebApplication->processRequest()
#10 /home/alets/YiiProjects/Yii_1/mediatecaWeb/index.php(13): CApplication->run()
#11 {main}
REQUEST_URI=/
---
2019/08/05 10:53:45 [error] [exception.CHttpException.404] CHttpException: The system is unable to find the requested action "privacidad". in /home/alets/YiiProjects/Yii_1/framework/web/CController.php:483
Stack trace:
#0 /home/alets/YiiProjects/Yii_1/framework/web/CController.php(270): CController->missingAction('privacidad')
#1 /home/alets/YiiProjects/Yii_1/framework/web/CWebApplication.php(282): CController->run('privacidad')
#2 /home/alets/YiiProjects/Yii_1/framework/web/CWebApplication.php(141): CWebApplication->runController('site/privacidad')
#3 /home/alets/YiiProjects/Yii_1/framework/base/CApplication.php(185): CWebApplication->processRequest()
#4 /home/alets/YiiProjects/Yii_1/mediatecaWeb/index.php(13): CApplication->run()
#5 {main}
REQUEST_URI=/index.php/site/privacidad
HTTP_REFERER=http://localhost:8000/
---
2019/08/13 13:22:26 [warning] [application] Failed to set unsafe attribute "idioma_search" of "Aprendiente".
in /home/alets/YiiProjects/Yii_1/mediatecaWeb/protected/controllers/AprendienteController.php (450)
in /home/alets/YiiProjects/Yii_1/mediatecaWeb/index.php (13)
2019/08/13 13:30:45 [warning] [application] Failed to set unsafe attribute "idioma_search" of "Aprendiente".
in /home/alets/YiiProjects/Yii_1/mediatecaWeb/protected/controllers/AprendienteController.php (450)
in /home/alets/YiiProjects/Yii_1/mediatecaWeb/index.php (13)
2019/08/29 12:43:40 [error] [php] Trying to get property 'idmaterial' of non-object (/home/alets/YiiProjects/Yii_1/mediatecaWeb/protected/models/Material.php:107)
Stack trace:
#0 /home/alets/YiiProjects/Yii_1/framework/web/helpers/CHtml.php(2333): Material->__isset()
#1 /home/alets/YiiProjects/Yii_1/framework/web/helpers/CHtml.php(2279): value()
#2 /home/alets/YiiProjects/Yii_1/mediatecaWeb/protected/views/acervoDigital/_form.php(78): listData()
#3 /home/alets/YiiProjects/Yii_1/framework/web/CBaseController.php(126): require()
#4 /home/alets/YiiProjects/Yii_1/framework/web/CBaseController.php(95): AcervoDigitalController->renderInternal()
#5 /home/alets/YiiProjects/Yii_1/framework/web/CController.php(869): AcervoDigitalController->renderFile()
#6 /home/alets/YiiProjects/Yii_1/mediatecaWeb/protected/views/acervoDigital/create.php(18): AcervoDigitalController->renderPartial()
#7 /home/alets/YiiProjects/Yii_1/framework/web/CBaseController.php(126): require()
#8 /home/alets/YiiProjects/Yii_1/framework/web/CBaseController.php(95): AcervoDigitalController->renderInternal()
#9 /home/alets/YiiProjects/Yii_1/framework/web/CController.php(869): AcervoDigitalController->renderFile()
#10 /home/alets/YiiProjects/Yii_1/framework/web/CController.php(782): AcervoDigitalController->renderPartial()
#11 /home/alets/YiiProjects/Yii_1/mediatecaWeb/protected/controllers/AcervoDigitalController.php(130): AcervoDigitalController->render()
#12 /home/alets/YiiProjects/Yii_1/framework/web/actions/CInlineAction.php(49): AcervoDigitalController->actionCreate()
#13 /home/alets/YiiProjects/Yii_1/framework/web/CController.php(308): CInlineAction->runWithParams()
#14 /home/alets/YiiProjects/Yii_1/framework/web/filters/CFilterChain.php(133): AcervoDigitalController->runAction()
#15 /home/alets/YiiProjects/Yii_1/framework/web/filters/CFilter.php(40): CFilterChain->run()
#16 /home/alets/YiiProjects/Yii_1/framework/web/CController.php(1145): CAccessControlFilter->filter()
#17 /home/alets/YiiProjects/Yii_1/framework/web/filters/CInlineFilter.php(58): AcervoDigitalController->filterAccessControl()
#18 /home/alets/YiiProjects/Yii_1/framework/web/filters/CFilterChain.php(130): CInlineFilter->filter()
#19 /home/alets/YiiProjects/Yii_1/framework/web/CController.php(291): CFilterChain->run()
#20 /home/alets/YiiProjects/Yii_1/framework/web/CController.php(265): AcervoDigitalController->runActionWithFilters()
#21 /home/alets/YiiProjects/Yii_1/framework/web/CWebApplication.php(282): AcervoDigitalController->run()
#22 /home/alets/YiiProjects/Yii_1/framework/web/CWebApplication.php(141): CWebApplication->runController()
#23 /home/alets/YiiProjects/Yii_1/framework/base/CApplication.php(185): CWebApplication->processRequest()
#24 /home/alets/YiiProjects/Yii_1/mediatecaWeb/index.php(13): CWebApplication->run()
REQUEST_URI=/index.php/acervoDigital/create
in /home/alets/YiiProjects/Yii_1/mediatecaWeb/protected/models/Material.php (107)
in /home/alets/YiiProjects/Yii_1/mediatecaWeb/protected/views/acervoDigital/_form.php (78)
in /home/alets/YiiProjects/Yii_1/mediatecaWeb/protected/views/acervoDigital/create.php (18)
2019/08/29 12:48:11 [error] [php] Trying to get property 'idmaterial' of non-object (/home/alets/YiiProjects/Yii_1/mediatecaWeb/protected/models/Material.php:111)
Stack trace:
#0 /home/alets/YiiProjects/Yii_1/framework/web/helpers/CHtml.php(2333): Material->__isset()
#1 /home/alets/YiiProjects/Yii_1/framework/web/helpers/CHtml.php(2279): value()
#2 /home/alets/YiiProjects/Yii_1/mediatecaWeb/protected/views/acervoDigital/_form.php(78): listData()
#3 /home/alets/YiiProjects/Yii_1/framework/web/CBaseController.php(126): require()
#4 /home/alets/YiiProjects/Yii_1/framework/web/CBaseController.php(95): AcervoDigitalController->renderInternal()
#5 /home/alets/YiiProjects/Yii_1/framework/web/CController.php(869): AcervoDigitalController->renderFile()
#6 /home/alets/YiiProjects/Yii_1/mediatecaWeb/protected/views/acervoDigital/create.php(18): AcervoDigitalController->renderPartial()
#7 /home/alets/YiiProjects/Yii_1/framework/web/CBaseController.php(126): require()
#8 /home/alets/YiiProjects/Yii_1/framework/web/CBaseController.php(95): AcervoDigitalController->renderInternal()
#9 /home/alets/YiiProjects/Yii_1/framework/web/CController.php(869): AcervoDigitalController->renderFile()
#10 /home/alets/YiiProjects/Yii_1/framework/web/CController.php(782): AcervoDigitalController->renderPartial()
#11 /home/alets/YiiProjects/Yii_1/mediatecaWeb/protected/controllers/AcervoDigitalController.php(130): AcervoDigitalController->render()
#12 /home/alets/YiiProjects/Yii_1/framework/web/actions/CInlineAction.php(49): AcervoDigitalController->actionCreate()
#13 /home/alets/YiiProjects/Yii_1/framework/web/CController.php(308): CInlineAction->runWithParams()
#14 /home/alets/YiiProjects/Yii_1/framework/web/filters/CFilterChain.php(133): AcervoDigitalController->runAction()
#15 /home/alets/YiiProjects/Yii_1/framework/web/filters/CFilter.php(40): CFilterChain->run()
#16 /home/alets/YiiProjects/Yii_1/framework/web/CController.php(1145): CAccessControlFilter->filter()
#17 /home/alets/YiiProjects/Yii_1/framework/web/filters/CInlineFilter.php(58): AcervoDigitalController->filterAccessControl()
#18 /home/alets/YiiProjects/Yii_1/framework/web/filters/CFilterChain.php(130): CInlineFilter->filter()
#19 /home/alets/YiiProjects/Yii_1/framework/web/CController.php(291): CFilterChain->run()
#20 /home/alets/YiiProjects/Yii_1/framework/web/CController.php(265): AcervoDigitalController->runActionWithFilters()
#21 /home/alets/YiiProjects/Yii_1/framework/web/CWebApplication.php(282): AcervoDigitalController->run()
#22 /home/alets/YiiProjects/Yii_1/framework/web/CWebApplication.php(141): CWebApplication->runController()
#23 /home/alets/YiiProjects/Yii_1/framework/base/CApplication.php(185): CWebApplication->processRequest()
#24 /home/alets/YiiProjects/Yii_1/mediatecaWeb/index.php(13): CWebApplication->run()
REQUEST_URI=/index.php/acervoDigital/create
in /home/alets/YiiProjects/Yii_1/mediatecaWeb/protected/models/Material.php (111)
in /home/alets/YiiProjects/Yii_1/mediatecaWeb/protected/views/acervoDigital/_form.php (78)
in /home/alets/YiiProjects/Yii_1/mediatecaWeb/protected/views/acervoDigital/create.php (18)
2019/08/29 12:50:34 [error] [php] Undefined variable: Material (/home/alets/YiiProjects/Yii_1/mediatecaWeb/protected/models/Material.php:111)
Stack trace:
#0 /home/alets/YiiProjects/Yii_1/framework/web/helpers/CHtml.php(2333): Material->__isset()
#1 /home/alets/YiiProjects/Yii_1/framework/web/helpers/CHtml.php(2279): value()
#2 /home/alets/YiiProjects/Yii_1/mediatecaWeb/protected/views/acervoDigital/_form.php(78): listData()
#3 /home/alets/YiiProjects/Yii_1/framework/web/CBaseController.php(126): require()
#4 /home/alets/YiiProjects/Yii_1/framework/web/CBaseController.php(95): AcervoDigitalController->renderInternal()
#5 /home/alets/YiiProjects/Yii_1/framework/web/CController.php(869): AcervoDigitalController->renderFile()
#6 /home/alets/YiiProjects/Yii_1/mediatecaWeb/protected/views/acervoDigital/create.php(18): AcervoDigitalController->renderPartial()
#7 /home/alets/YiiProjects/Yii_1/framework/web/CBaseController.php(126): require()
#8 /home/alets/YiiProjects/Yii_1/framework/web/CBaseController.php(95): AcervoDigitalController->renderInternal()
#9 /home/alets/YiiProjects/Yii_1/framework/web/CController.php(869): AcervoDigitalController->renderFile()
#10 /home/alets/YiiProjects/Yii_1/framework/web/CController.php(782): AcervoDigitalController->renderPartial()
#11 /home/alets/YiiProjects/Yii_1/mediatecaWeb/protected/controllers/AcervoDigitalController.php(130): AcervoDigitalController->render()
#12 /home/alets/YiiProjects/Yii_1/framework/web/actions/CInlineAction.php(49): AcervoDigitalController->actionCreate()
#13 /home/alets/YiiProjects/Yii_1/framework/web/CController.php(308): CInlineAction->runWithParams()
#14 /home/alets/YiiProjects/Yii_1/framework/web/filters/CFilterChain.php(133): AcervoDigitalController->runAction()
#15 /home/alets/YiiProjects/Yii_1/framework/web/filters/CFilter.php(40): CFilterChain->run()
#16 /home/alets/YiiProjects/Yii_1/framework/web/CController.php(1145): CAccessControlFilter->filter()
#17 /home/alets/YiiProjects/Yii_1/framework/web/filters/CInlineFilter.php(58): AcervoDigitalController->filterAccessControl()
#18 /home/alets/YiiProjects/Yii_1/framework/web/filters/CFilterChain.php(130): CInlineFilter->filter()
#19 /home/alets/YiiProjects/Yii_1/framework/web/CController.php(291): CFilterChain->run()
#20 /home/alets/YiiProjects/Yii_1/framework/web/CController.php(265): AcervoDigitalController->runActionWithFilters()
#21 /home/alets/YiiProjects/Yii_1/framework/web/CWebApplication.php(282): AcervoDigitalController->run()
#22 /home/alets/YiiProjects/Yii_1/framework/web/CWebApplication.php(141): CWebApplication->runController()
#23 /home/alets/YiiProjects/Yii_1/framework/base/CApplication.php(185): CWebApplication->processRequest()
#24 /home/alets/YiiProjects/Yii_1/mediatecaWeb/index.php(13): CWebApplication->run()
REQUEST_URI=/index.php/acervoDigital/create
in /home/alets/YiiProjects/Yii_1/mediatecaWeb/protected/models/Material.php (111)
in /home/alets/YiiProjects/Yii_1/mediatecaWeb/protected/views/acervoDigital/_form.php (78)
in /home/alets/YiiProjects/Yii_1/mediatecaWeb/protected/views/acervoDigital/create.php (18)
2019/08/29 12:54:41 [error] [php] Object of class Material could not be converted to string (/home/alets/YiiProjects/Yii_1/framework/web/helpers/CHtml.php:2543)
Stack trace:
#0 /home/alets/YiiProjects/Yii_1/framework/web/widgets/CActiveForm.php(914): activeDropDownList()
#1 /home/alets/YiiProjects/Yii_1/mediatecaWeb/protected/extensions/booster/widgets/TbActiveForm.php(1239): TbActiveForm->dropDownList()
#2 /home/alets/YiiProjects/Yii_1/mediatecaWeb/protected/extensions/booster/widgets/TbActiveForm.php(1148): TbActiveForm->horizontalGroup()
#3 /home/alets/YiiProjects/Yii_1/mediatecaWeb/protected/extensions/booster/widgets/TbActiveForm.php(627): TbActiveForm->customFieldGroupInternal()
#4 /home/alets/YiiProjects/Yii_1/mediatecaWeb/protected/views/acervoDigital/_form.php(73): TbActiveForm->dropDownListGroup()
#5 /home/alets/YiiProjects/Yii_1/framework/web/CBaseController.php(126): require()
#6 /home/alets/YiiProjects/Yii_1/framework/web/CBaseController.php(95): AcervoDigitalController->renderInternal()
#7 /home/alets/YiiProjects/Yii_1/framework/web/CController.php(869): AcervoDigitalController->renderFile()
#8 /home/alets/YiiProjects/Yii_1/mediatecaWeb/protected/views/acervoDigital/create.php(18): AcervoDigitalController->renderPartial()
#9 /home/alets/YiiProjects/Yii_1/framework/web/CBaseController.php(126): require()
#10 /home/alets/YiiProjects/Yii_1/framework/web/CBaseController.php(95): AcervoDigitalController->renderInternal()
#11 /home/alets/YiiProjects/Yii_1/framework/web/CController.php(869): AcervoDigitalController->renderFile()
#12 /home/alets/YiiProjects/Yii_1/framework/web/CController.php(782): AcervoDigitalController->renderPartial()
#13 /home/alets/YiiProjects/Yii_1/mediatecaWeb/protected/controllers/AcervoDigitalController.php(130): AcervoDigitalController->render()
#14 /home/alets/YiiProjects/Yii_1/framework/web/actions/CInlineAction.php(49): AcervoDigitalController->actionCreate()
#15 /home/alets/YiiProjects/Yii_1/framework/web/CController.php(308): CInlineAction->runWithParams()
#16 /home/alets/YiiProjects/Yii_1/framework/web/filters/CFilterChain.php(133): AcervoDigitalController->runAction()
#17 /home/alets/YiiProjects/Yii_1/framework/web/filters/CFilter.php(40): CFilterChain->run()
#18 /home/alets/YiiProjects/Yii_1/framework/web/CController.php(1145): CAccessControlFilter->filter()
#19 /home/alets/YiiProjects/Yii_1/framework/web/filters/CInlineFilter.php(58): AcervoDigitalController->filterAccessControl()
#20 /home/alets/YiiProjects/Yii_1/framework/web/filters/CFilterChain.php(130): CInlineFilter->filter()
#21 /home/alets/YiiProjects/Yii_1/framework/web/CController.php(291): CFilterChain->run()
#22 /home/alets/YiiProjects/Yii_1/framework/web/CController.php(265): AcervoDigitalController->runActionWithFilters()
#23 /home/alets/YiiProjects/Yii_1/framework/web/CWebApplication.php(282): AcervoDigitalController->run()
#24 /home/alets/YiiProjects/Yii_1/framework/web/CWebApplication.php(141): CWebApplication->runController()
#25 /home/alets/YiiProjects/Yii_1/framework/base/CApplication.php(185): CWebApplication->processRequest()
#26 /home/alets/YiiProjects/Yii_1/mediatecaWeb/index.php(13): CWebApplication->run()
REQUEST_URI=/index.php/acervoDigital/create
in /home/alets/YiiProjects/Yii_1/mediatecaWeb/protected/extensions/booster/widgets/TbActiveForm.php (1239)
in /home/alets/YiiProjects/Yii_1/mediatecaWeb/protected/extensions/booster/widgets/TbActiveForm.php (1148)
in /home/alets/YiiProjects/Yii_1/mediatecaWeb/protected/extensions/booster/widgets/TbActiveForm.php (627)
